<?xml version="1.0" encoding="UTF-8"?>
<testsuites name="Regression_Registration" time="44" tests="17" failures="0" errors="0">
   <testsuite name="Regression_Registration" tests="17" failures="0" errors="0" time="44" timestamp="2018-07-29 19:03:10" hostname="User - MARKPAULFERRIOL" id="Test Suites/Regression_Registration">
      <properties>
         <property name="deviceName" value=""/>
         <property name="devicePlatform" value=""/>
         <property name="logFolder" value="D:\\Mark's Files to Transfer\\Katalon Studio\\Workspace\\OTT_WebRegressionTest\\Reports\\Regression_Registration\\20180729_190308"/>
         <property name="logFiles" value="D:\\Mark's Files to Transfer\\Katalon Studio\\Workspace\\OTT_WebRegressionTest\\Reports\\Regression_Registration\\20180729_190308\\execution0.log"/>
         <property name="attachments" value=""/>
         <property name="hostName" value="User - MARKPAULFERRIOL"/>
         <property name="os" value="Windows 10 64bit"/>
         <property name="katalonVersion" value="5.5.0.1"/>
         <property name="browser" value="Chrome 67.0.3396.99"/>
         <property name="hostAddress" value="192.168.100.4"/>
         <property name="sessionId" value="96467a95f288e408cf228e7022756b3c"/>
         <property name="seleniumVersion" value="3.7.1"/>
         <property name="proxyInformation" value="ProxyInformation{proxyOption=NO_PROXY, proxyServerType=HTTP, password=, proxyServerAddress=, proxyServerPort=0}"/>
         <property name="platform" value="Windows 10"/>
      </properties>
      <testcase name="Test Cases/TC001_RegistrationEmail/Verify_Email_is_Invalid" classname="Test Cases/TC001_RegistrationEmail/Verify_Email_is_Invalid" status="PASSED">
         <system-out><![CDATA[2018-07-29 19:03:10 - [TEST_CASE][PASSED] - Test Cases/TC001_RegistrationEmail/Verify_Email_is_Invalid: Test Cases/TC001_RegistrationEmail/Verify_Email_is_Invalid

2018-07-29 19:03:11 - [TEST_STEP][PASSED] - openBrowser: Browser is opened with url: 'https://ott-web-prod.azurewebsites.net/registration'

2018-07-29 19:03:23 - [MESSAGE][PASSED] - Browser is opened with url: 'https://ott-web-prod.azurewebsites.net/registration'

2018-07-29 19:03:23 - [TEST_STEP][PASSED] - setText: Text 'dmdqa' is set on object 'Object Repository/Registration_Objects/input_email'

2018-07-29 19:03:24 - [MESSAGE][PASSED] - Text 'dmdqa' is set on object 'Object Repository/Registration_Objects/input_email'

2018-07-29 19:03:24 - [TEST_STEP][PASSED] - setText: Text 'dmdqa' is set on object 'Object Repository/Registration_Objects/input_username'

2018-07-29 19:03:24 - [MESSAGE][PASSED] - Text 'dmdqa' is set on object 'Object Repository/Registration_Objects/input_username'

2018-07-29 19:03:24 - [TEST_STEP][PASSED] - verifyElementPresent: Object 'Object Repository/ValidationMessage_Objects/label_Please enter a valid ema' is present

2018-07-29 19:03:24 - [MESSAGE][WARNING] - Timeout '0' is invalid. Using default page load timeout: '30'

2018-07-29 19:03:24 - [MESSAGE][PASSED] - Object 'Object Repository/ValidationMessage_Objects/label_Please enter a valid ema' is present

2018-07-29 19:03:24 - [TEST_STEP][PASSED] - verifyElementText: Actual text and expected text of test object 'Object Repository/ValidationMessage_Objects/label_Please enter a valid ema' are matched.

2018-07-29 19:03:24 - [MESSAGE][PASSED] - Actual text and expected text of test object 'Object Repository/ValidationMessage_Objects/label_Please enter a valid ema' are matched.]]></system-out>
         <system-err><![CDATA[]]></system-err>
      </testcase>
      <testcase name="Test Cases/TC001_RegistrationEmail/Verify_MaximumChar_Email" classname="Test Cases/TC001_RegistrationEmail/Verify_MaximumChar_Email" status="PASSED">
         <system-out><![CDATA[2018-07-29 19:03:24 - [TEST_CASE][PASSED] - Test Cases/TC001_RegistrationEmail/Verify_MaximumChar_Email: Test Cases/TC001_RegistrationEmail/Verify_MaximumChar_Email

2018-07-29 19:03:24 - [TEST_STEP][PASSED] - clearText: Text of object 'Object Repository/Registration_Objects/input_email' is cleared

2018-07-29 19:03:24 - [MESSAGE][PASSED] - Text of object 'Object Repository/Registration_Objects/input_email' is cleared

2018-07-29 19:03:24 - [TEST_STEP][PASSED] - setText: Text 'dmdqazxsw2edcvfr4tgbjhashdasdjhajhakfjhasfjhafjahfjhafkjaf@gmail.com' is set on object 'Object Repository/Registration_Objects/input_email'

2018-07-29 19:03:25 - [MESSAGE][PASSED] - Text 'dmdqazxsw2edcvfr4tgbjhashdasdjhajhakfjhasfjhafjahfjhafkjaf@gmail.com' is set on object 'Object Repository/Registration_Objects/input_email'

2018-07-29 19:03:25 - [TEST_STEP][PASSED] - verifyElementPresent: Object 'Object Repository/ValidationMessage_Objects/label_Please enter an e-mail w' is present

2018-07-29 19:03:25 - [MESSAGE][WARNING] - Timeout '0' is invalid. Using default page load timeout: '30'

2018-07-29 19:03:25 - [MESSAGE][PASSED] - Object 'Object Repository/ValidationMessage_Objects/label_Please enter an e-mail w' is present

2018-07-29 19:03:25 - [TEST_STEP][PASSED] - verifyElementText: Actual text and expected text of test object 'Object Repository/ValidationMessage_Objects/label_Please enter an e-mail w' are matched.

2018-07-29 19:03:25 - [MESSAGE][PASSED] - Actual text and expected text of test object 'Object Repository/ValidationMessage_Objects/label_Please enter an e-mail w' are matched.]]></system-out>
         <system-err><![CDATA[]]></system-err>
      </testcase>
      <testcase name="Test Cases/TC001_RegistrationEmail/Verify_MinimumChar_KN" classname="Test Cases/TC001_RegistrationEmail/Verify_MinimumChar_KN" status="PASSED">
         <system-out><![CDATA[2018-07-29 19:03:25 - [TEST_CASE][PASSED] - Test Cases/TC001_RegistrationEmail/Verify_MinimumChar_KN: Test Cases/TC001_RegistrationEmail/Verify_MinimumChar_KN

2018-07-29 19:03:25 - [TEST_STEP][PASSED] - clearText: Text of object 'Object Repository/Registration_Objects/input_email' is cleared

2018-07-29 19:03:25 - [MESSAGE][PASSED] - Text of object 'Object Repository/Registration_Objects/input_email' is cleared

2018-07-29 19:03:25 - [TEST_STEP][PASSED] - setText: Text 'dmdqa@gmail.com' is set on object 'Object Repository/Registration_Objects/input_email'

2018-07-29 19:03:25 - [MESSAGE][PASSED] - Text 'dmdqa@gmail.com' is set on object 'Object Repository/Registration_Objects/input_email'

2018-07-29 19:03:25 - [TEST_STEP][PASSED] - setText: Text 'dmd' is set on object 'Object Repository/Registration_Objects/input_username'

2018-07-29 19:03:25 - [MESSAGE][PASSED] - Text 'dmd' is set on object 'Object Repository/Registration_Objects/input_username'

2018-07-29 19:03:25 - [TEST_STEP][PASSED] - verifyElementPresent: Object 'Object Repository/ValidationMessage_Objects/label_Your Kapamilya Name must' is present

2018-07-29 19:03:26 - [MESSAGE][WARNING] - Timeout '0' is invalid. Using default page load timeout: '30'

2018-07-29 19:03:26 - [MESSAGE][PASSED] - Object 'Object Repository/ValidationMessage_Objects/label_Your Kapamilya Name must' is present

2018-07-29 19:03:26 - [TEST_STEP][PASSED] - verifyElementText: Actual text and expected text of test object 'Object Repository/ValidationMessage_Objects/label_Your Kapamilya Name must' are matched.

2018-07-29 19:03:26 - [MESSAGE][PASSED] - Actual text and expected text of test object 'Object Repository/ValidationMessage_Objects/label_Your Kapamilya Name must' are matched.]]></system-out>
         <system-err><![CDATA[]]></system-err>
      </testcase>
      <testcase name="Test Cases/TC001_RegistrationEmail/Verify_MaximumChar_KN" classname="Test Cases/TC001_RegistrationEmail/Verify_MaximumChar_KN" status="PASSED">
         <system-out><![CDATA[2018-07-29 19:03:26 - [TEST_CASE][PASSED] - Test Cases/TC001_RegistrationEmail/Verify_MaximumChar_KN: Test Cases/TC001_RegistrationEmail/Verify_MaximumChar_KN

2018-07-29 19:03:26 - [TEST_STEP][PASSED] - clearText: Text of object 'Object Repository/Registration_Objects/input_username' is cleared

2018-07-29 19:03:26 - [MESSAGE][PASSED] - Text of object 'Object Repository/Registration_Objects/input_username' is cleared

2018-07-29 19:03:26 - [TEST_STEP][PASSED] - setText: Text 'dmdqa1234567890qwertyuiopasdfghjklzxcvbnm1qazxsw23edcvfr4' is set on object 'Object Repository/Registration_Objects/input_username'

2018-07-29 19:03:26 - [MESSAGE][PASSED] - Text 'dmdqa1234567890qwertyuiopasdfghjklzxcvbnm1qazxsw23edcvfr4' is set on object 'Object Repository/Registration_Objects/input_username'

2018-07-29 19:03:26 - [TEST_STEP][PASSED] - verifyElementPresent: Object 'Object Repository/ValidationMessage_Objects/label_Your Kapamilya Name must' is present

2018-07-29 19:03:26 - [MESSAGE][WARNING] - Timeout '0' is invalid. Using default page load timeout: '30'

2018-07-29 19:03:26 - [MESSAGE][PASSED] - Object 'Object Repository/ValidationMessage_Objects/label_Your Kapamilya Name must' is present

2018-07-29 19:03:26 - [TEST_STEP][PASSED] - verifyElementText: Actual text and expected text of test object 'Object Repository/ValidationMessage_Objects/label_Your Kapamilya Name must' are matched.

2018-07-29 19:03:26 - [MESSAGE][PASSED] - Actual text and expected text of test object 'Object Repository/ValidationMessage_Objects/label_Your Kapamilya Name must' are matched.]]></system-out>
         <system-err><![CDATA[]]></system-err>
      </testcase>
      <testcase name="Test Cases/TC001_RegistrationEmail/Verify_NumericValue_KN" classname="Test Cases/TC001_RegistrationEmail/Verify_NumericValue_KN" status="PASSED">
         <system-out><![CDATA[2018-07-29 19:03:26 - [TEST_CASE][PASSED] - Test Cases/TC001_RegistrationEmail/Verify_NumericValue_KN: Test Cases/TC001_RegistrationEmail/Verify_NumericValue_KN

2018-07-29 19:03:26 - [TEST_STEP][PASSED] - clearText: Text of object 'Object Repository/Registration_Objects/input_username' is cleared

2018-07-29 19:03:26 - [MESSAGE][PASSED] - Text of object 'Object Repository/Registration_Objects/input_username' is cleared

2018-07-29 19:03:26 - [TEST_STEP][PASSED] - setText: Text '097764625623' is set on object 'Object Repository/Registration_Objects/input_username'

2018-07-29 19:03:26 - [MESSAGE][PASSED] - Text '097764625623' is set on object 'Object Repository/Registration_Objects/input_username'

2018-07-29 19:03:26 - [TEST_STEP][PASSED] - verifyElementPresent: Object 'Object Repository/ValidationMessage_Objects/label_Your Kapamilya Name need' is present

2018-07-29 19:03:26 - [MESSAGE][WARNING] - Timeout '0' is invalid. Using default page load timeout: '30'

2018-07-29 19:03:26 - [MESSAGE][PASSED] - Object 'Object Repository/ValidationMessage_Objects/label_Your Kapamilya Name need' is present

2018-07-29 19:03:26 - [TEST_STEP][PASSED] - verifyElementText: Actual text and expected text of test object 'Object Repository/ValidationMessage_Objects/label_Your Kapamilya Name need' are matched.

2018-07-29 19:03:26 - [MESSAGE][PASSED] - Actual text and expected text of test object 'Object Repository/ValidationMessage_Objects/label_Your Kapamilya Name need' are matched.]]></system-out>
         <system-err><![CDATA[]]></system-err>
      </testcase>
      <testcase name="Test Cases/TC001_RegistrationEmail/Verify_EmailisNotAllowed_KN" classname="Test Cases/TC001_RegistrationEmail/Verify_EmailisNotAllowed_KN" status="PASSED">
         <system-out><![CDATA[2018-07-29 19:03:26 - [TEST_CASE][PASSED] - Test Cases/TC001_RegistrationEmail/Verify_EmailisNotAllowed_KN: Test Cases/TC001_RegistrationEmail/Verify_EmailisNotAllowed_KN

2018-07-29 19:03:27 - [TEST_STEP][PASSED] - clearText: Text of object 'Object Repository/Registration_Objects/input_username' is cleared

2018-07-29 19:03:27 - [MESSAGE][PASSED] - Text of object 'Object Repository/Registration_Objects/input_username' is cleared

2018-07-29 19:03:27 - [TEST_STEP][PASSED] - setText: Text 'dmdqa@gmail.com' is set on object 'Object Repository/Registration_Objects/input_username'

2018-07-29 19:03:27 - [MESSAGE][PASSED] - Text 'dmdqa@gmail.com' is set on object 'Object Repository/Registration_Objects/input_username'

2018-07-29 19:03:27 - [TEST_STEP][PASSED] - verifyElementPresent: Object 'Object Repository/ValidationMessage_Objects/label_Sorry. You cannot use yo' is present

2018-07-29 19:03:27 - [MESSAGE][WARNING] - Timeout '0' is invalid. Using default page load timeout: '30'

2018-07-29 19:03:27 - [MESSAGE][PASSED] - Object 'Object Repository/ValidationMessage_Objects/label_Sorry. You cannot use yo' is present

2018-07-29 19:03:27 - [TEST_STEP][PASSED] - verifyElementText: Actual text and expected text of test object 'Object Repository/ValidationMessage_Objects/label_Sorry. You cannot use yo' are matched.

2018-07-29 19:03:27 - [MESSAGE][PASSED] - Actual text and expected text of test object 'Object Repository/ValidationMessage_Objects/label_Sorry. You cannot use yo' are matched.]]></system-out>
         <system-err><![CDATA[]]></system-err>
      </testcase>
      <testcase name="Test Cases/TC001_RegistrationEmail/Verify_MaximumChar_FirstName" classname="Test Cases/TC001_RegistrationEmail/Verify_MaximumChar_FirstName" status="PASSED">
         <system-out><![CDATA[2018-07-29 19:03:27 - [TEST_CASE][PASSED] - Test Cases/TC001_RegistrationEmail/Verify_MaximumChar_FirstName: Test Cases/TC001_RegistrationEmail/Verify_MaximumChar_FirstName

2018-07-29 19:03:27 - [TEST_STEP][PASSED] - clearText: Text of object 'Object Repository/Registration_Objects/input_username' is cleared

2018-07-29 19:03:27 - [MESSAGE][PASSED] - Text of object 'Object Repository/Registration_Objects/input_username' is cleared

2018-07-29 19:03:27 - [TEST_STEP][PASSED] - setText: Text 'dmdRegression' is set on object 'Object Repository/Registration_Objects/input_username'

2018-07-29 19:03:27 - [MESSAGE][PASSED] - Text 'dmdRegression' is set on object 'Object Repository/Registration_Objects/input_username'

2018-07-29 19:03:27 - [TEST_STEP][PASSED] - setText: Text 'Markqazxswedcvfrtgbnhyujmkilopqazsxdwer' is set on object 'Object Repository/Registration_Objects/input_first_name'

2018-07-29 19:03:27 - [MESSAGE][PASSED] - Text 'Markqazxswedcvfrtgbnhyujmkilopqazsxdwer' is set on object 'Object Repository/Registration_Objects/input_first_name'

2018-07-29 19:03:27 - [TEST_STEP][PASSED] - verifyElementPresent: Object 'Object Repository/ValidationMessage_Objects/label_Please enter a First Nam' is present

2018-07-29 19:03:27 - [MESSAGE][WARNING] - Timeout '0' is invalid. Using default page load timeout: '30'

2018-07-29 19:03:27 - [MESSAGE][PASSED] - Object 'Object Repository/ValidationMessage_Objects/label_Please enter a First Nam' is present

2018-07-29 19:03:27 - [TEST_STEP][PASSED] - verifyElementText: Actual text and expected text of test object 'Object Repository/ValidationMessage_Objects/label_Please enter a First Nam' are matched.

2018-07-29 19:03:27 - [MESSAGE][PASSED] - Actual text and expected text of test object 'Object Repository/ValidationMessage_Objects/label_Please enter a First Nam' are matched.]]></system-out>
         <system-err><![CDATA[]]></system-err>
      </testcase>
      <testcase name="Test Cases/TC001_RegistrationEmail/Verify_MaximumChar_LastName" classname="Test Cases/TC001_RegistrationEmail/Verify_MaximumChar_LastName" status="PASSED">
         <system-out><![CDATA[2018-07-29 19:03:27 - [TEST_CASE][PASSED] - Test Cases/TC001_RegistrationEmail/Verify_MaximumChar_LastName: Test Cases/TC001_RegistrationEmail/Verify_MaximumChar_LastName

2018-07-29 19:03:27 - [TEST_STEP][PASSED] - clearText: Text of object 'Object Repository/Registration_Objects/input_first_name' is cleared

2018-07-29 19:03:28 - [MESSAGE][PASSED] - Text of object 'Object Repository/Registration_Objects/input_first_name' is cleared

2018-07-29 19:03:28 - [TEST_STEP][PASSED] - setText: Text 'Mark' is set on object 'Object Repository/Registration_Objects/input_first_name'

2018-07-29 19:03:28 - [MESSAGE][PASSED] - Text 'Mark' is set on object 'Object Repository/Registration_Objects/input_first_name'

2018-07-29 19:03:28 - [TEST_STEP][PASSED] - setText: Text 'Ferriolqazxswedcrfvbgtyhnmjukiolplokliujhnbhgtfgdredfe' is set on object 'Object Repository/Registration_Objects/input_last_name'

2018-07-29 19:03:28 - [MESSAGE][PASSED] - Text 'Ferriolqazxswedcrfvbgtyhnmjukiolplokliujhnbhgtfgdredfe' is set on object 'Object Repository/Registration_Objects/input_last_name'

2018-07-29 19:03:28 - [TEST_STEP][PASSED] - verifyElementPresent: Object 'Object Repository/ValidationMessage_Objects/label_Please enter a Last Name' is present

2018-07-29 19:03:28 - [MESSAGE][WARNING] - Timeout '0' is invalid. Using default page load timeout: '30'

2018-07-29 19:03:28 - [MESSAGE][PASSED] - Object 'Object Repository/ValidationMessage_Objects/label_Please enter a Last Name' is present

2018-07-29 19:03:28 - [TEST_STEP][PASSED] - verifyElementText: Actual text and expected text of test object 'Object Repository/ValidationMessage_Objects/label_Please enter a Last Name' are matched.

2018-07-29 19:03:28 - [MESSAGE][PASSED] - Actual text and expected text of test object 'Object Repository/ValidationMessage_Objects/label_Please enter a Last Name' are matched.]]></system-out>
         <system-err><![CDATA[]]></system-err>
      </testcase>
      <testcase name="Test Cases/TC001_RegistrationEmail/Verify_MinimumChar_Password" classname="Test Cases/TC001_RegistrationEmail/Verify_MinimumChar_Password" status="PASSED">
         <system-out><![CDATA[2018-07-29 19:03:28 - [TEST_CASE][PASSED] - Test Cases/TC001_RegistrationEmail/Verify_MinimumChar_Password: Test Cases/TC001_RegistrationEmail/Verify_MinimumChar_Password

2018-07-29 19:03:28 - [TEST_STEP][PASSED] - clearText: Text of object 'Object Repository/Registration_Objects/input_last_name' is cleared

2018-07-29 19:03:28 - [MESSAGE][PASSED] - Text of object 'Object Repository/Registration_Objects/input_last_name' is cleared

2018-07-29 19:03:28 - [TEST_STEP][PASSED] - setText: Text 'Ferriol' is set on object 'Object Repository/Registration_Objects/input_last_name'

2018-07-29 19:03:29 - [MESSAGE][PASSED] - Text 'Ferriol' is set on object 'Object Repository/Registration_Objects/input_last_name'

2018-07-29 19:03:29 - [TEST_STEP][PASSED] - setText: Text '!q' is set on object 'Object Repository/Registration_Objects/input_Password'

2018-07-29 19:03:29 - [MESSAGE][PASSED] - Text '!q' is set on object 'Object Repository/Registration_Objects/input_Password'

2018-07-29 19:03:29 - [TEST_STEP][PASSED] - verifyElementPresent: Object 'Object Repository/ValidationMessage_Objects/label_Password must contain at' is present

2018-07-29 19:03:29 - [MESSAGE][WARNING] - Timeout '0' is invalid. Using default page load timeout: '30'

2018-07-29 19:03:29 - [MESSAGE][PASSED] - Object 'Object Repository/ValidationMessage_Objects/label_Password must contain at' is present

2018-07-29 19:03:29 - [TEST_STEP][PASSED] - verifyElementText: Actual text and expected text of test object 'Object Repository/ValidationMessage_Objects/label_Password must contain at' are matched.

2018-07-29 19:03:29 - [MESSAGE][PASSED] - Actual text and expected text of test object 'Object Repository/ValidationMessage_Objects/label_Password must contain at' are matched.]]></system-out>
         <system-err><![CDATA[]]></system-err>
      </testcase>
      <testcase name="Test Cases/TC001_RegistrationEmail/Verify_MaximumChar_Password" classname="Test Cases/TC001_RegistrationEmail/Verify_MaximumChar_Password" status="PASSED">
         <system-out><![CDATA[2018-07-29 19:03:29 - [TEST_CASE][PASSED] - Test Cases/TC001_RegistrationEmail/Verify_MaximumChar_Password: Test Cases/TC001_RegistrationEmail/Verify_MaximumChar_Password

2018-07-29 19:03:29 - [TEST_STEP][PASSED] - clearText: Text of object 'Object Repository/Registration_Objects/input_Password' is cleared

2018-07-29 19:03:29 - [MESSAGE][PASSED] - Text of object 'Object Repository/Registration_Objects/input_Password' is cleared

2018-07-29 19:03:29 - [TEST_STEP][PASSED] - setText: Text '!qazxsw23edcvfr45tgbnhy67ujmki89olp0' is set on object 'Object Repository/Registration_Objects/input_Password'

2018-07-29 19:03:29 - [MESSAGE][PASSED] - Text '!qazxsw23edcvfr45tgbnhy67ujmki89olp0' is set on object 'Object Repository/Registration_Objects/input_Password'

2018-07-29 19:03:29 - [TEST_STEP][PASSED] - verifyElementPresent: Object 'Object Repository/ValidationMessage_Objects/label_Maximum of 30 characters' is present

2018-07-29 19:03:29 - [MESSAGE][WARNING] - Timeout '0' is invalid. Using default page load timeout: '30'

2018-07-29 19:03:29 - [MESSAGE][PASSED] - Object 'Object Repository/ValidationMessage_Objects/label_Maximum of 30 characters' is present

2018-07-29 19:03:29 - [TEST_STEP][PASSED] - verifyElementText: Actual text and expected text of test object 'Object Repository/ValidationMessage_Objects/label_Maximum of 30 characters' are matched.

2018-07-29 19:03:29 - [MESSAGE][PASSED] - Actual text and expected text of test object 'Object Repository/ValidationMessage_Objects/label_Maximum of 30 characters' are matched.]]></system-out>
         <system-err><![CDATA[]]></system-err>
      </testcase>
      <testcase name="Test Cases/TC001_RegistrationEmail/Verify_Email_isRegistered" classname="Test Cases/TC001_RegistrationEmail/Verify_Email_isRegistered" status="PASSED">
         <system-out><![CDATA[2018-07-29 19:03:29 - [TEST_CASE][PASSED] - Test Cases/TC001_RegistrationEmail/Verify_Email_isRegistered: Test Cases/TC001_RegistrationEmail/Verify_Email_isRegistered

2018-07-29 19:03:29 - [TEST_STEP][PASSED] - clearText: Text of object 'Object Repository/Registration_Objects/input_Password' is cleared

2018-07-29 19:03:29 - [MESSAGE][PASSED] - Text of object 'Object Repository/Registration_Objects/input_Password' is cleared

2018-07-29 19:03:29 - [TEST_STEP][PASSED] - setText: Text '!qazxsw2' is set on object 'Object Repository/Registration_Objects/input_Password'

2018-07-29 19:03:30 - [MESSAGE][PASSED] - Text '!qazxsw2' is set on object 'Object Repository/Registration_Objects/input_Password'

2018-07-29 19:03:30 - [TEST_STEP][PASSED] - clearText: Text of object 'Object Repository/Registration_Objects/input_email' is cleared

2018-07-29 19:03:30 - [MESSAGE][PASSED] - Text of object 'Object Repository/Registration_Objects/input_email' is cleared

2018-07-29 19:03:30 - [TEST_STEP][PASSED] - setText: Text 'dmdqa.210@gmail.com' is set on object 'Object Repository/Registration_Objects/input_email'

2018-07-29 19:03:30 - [MESSAGE][PASSED] - Text 'dmdqa.210@gmail.com' is set on object 'Object Repository/Registration_Objects/input_email'

2018-07-29 19:03:30 - [TEST_STEP][PASSED] - submit: The form containing object: 'Object Repository/ValidationMessage_Objects/input_regSubmitButton' is submitted

2018-07-29 19:03:30 - [MESSAGE][PASSED] - The form containing object: 'Object Repository/ValidationMessage_Objects/input_regSubmitButton' is submitted

2018-07-29 19:03:30 - [TEST_STEP][PASSED] - verifyElementPresent: Object 'Object Repository/ValidationMessage_Objects/AlreadyRegistered/label_Oops The Email or Kapami' is present

2018-07-29 19:03:30 - [MESSAGE][WARNING] - Timeout '0' is invalid. Using default page load timeout: '30'

2018-07-29 19:03:30 - [MESSAGE][PASSED] - Object 'Object Repository/ValidationMessage_Objects/AlreadyRegistered/label_Oops The Email or Kapami' is present

2018-07-29 19:03:30 - [TEST_STEP][PASSED] - verifyElementText: Actual text and expected text of test object 'Object Repository/ValidationMessage_Objects/AlreadyRegistered/label_Oops The Email or Kapami' are matched.

2018-07-29 19:03:30 - [MESSAGE][PASSED] - Actual text and expected text of test object 'Object Repository/ValidationMessage_Objects/AlreadyRegistered/label_Oops The Email or Kapami' are matched.]]></system-out>
         <system-err><![CDATA[]]></system-err>
      </testcase>
      <testcase name="Test Cases/TC001_RegistrationEmail/Verify_KN_isRegistered" classname="Test Cases/TC001_RegistrationEmail/Verify_KN_isRegistered" status="PASSED">
         <system-out><![CDATA[2018-07-29 19:03:30 - [TEST_CASE][PASSED] - Test Cases/TC001_RegistrationEmail/Verify_KN_isRegistered: Test Cases/TC001_RegistrationEmail/Verify_KN_isRegistered

2018-07-29 19:03:31 - [TEST_STEP][PASSED] - clearText: Text of object 'Object Repository/Registration_Objects/input_email' is cleared

2018-07-29 19:03:31 - [MESSAGE][PASSED] - Text of object 'Object Repository/Registration_Objects/input_email' is cleared

2018-07-29 19:03:31 - [TEST_STEP][PASSED] - setText: Text 'dmdqavalid@gmail.com' is set on object 'Object Repository/Registration_Objects/input_email'

2018-07-29 19:03:31 - [MESSAGE][PASSED] - Text 'dmdqavalid@gmail.com' is set on object 'Object Repository/Registration_Objects/input_email'

2018-07-29 19:03:31 - [TEST_STEP][PASSED] - clearText: Text of object 'Object Repository/Registration_Objects/input_username' is cleared

2018-07-29 19:03:31 - [MESSAGE][PASSED] - Text of object 'Object Repository/Registration_Objects/input_username' is cleared

2018-07-29 19:03:31 - [TEST_STEP][PASSED] - setText: Text 'dmdqa-abs-postpaid' is set on object 'Object Repository/Registration_Objects/input_username'

2018-07-29 19:03:31 - [MESSAGE][PASSED] - Text 'dmdqa-abs-postpaid' is set on object 'Object Repository/Registration_Objects/input_username'

2018-07-29 19:03:31 - [TEST_STEP][PASSED] - submit: The form containing object: 'Object Repository/ValidationMessage_Objects/input_regSubmitButton' is submitted

2018-07-29 19:03:31 - [MESSAGE][PASSED] - The form containing object: 'Object Repository/ValidationMessage_Objects/input_regSubmitButton' is submitted

2018-07-29 19:03:31 - [TEST_STEP][PASSED] - verifyElementPresent: Object 'Object Repository/ValidationMessage_Objects/AlreadyRegistered/label_Oops The Email or Kapami' is present

2018-07-29 19:03:31 - [MESSAGE][WARNING] - Timeout '0' is invalid. Using default page load timeout: '30'

2018-07-29 19:03:31 - [MESSAGE][PASSED] - Object 'Object Repository/ValidationMessage_Objects/AlreadyRegistered/label_Oops The Email or Kapami' is present

2018-07-29 19:03:31 - [TEST_STEP][PASSED] - verifyElementText: Actual text and expected text of test object 'Object Repository/ValidationMessage_Objects/AlreadyRegistered/label_Oops The Email or Kapami' are matched.

2018-07-29 19:03:31 - [MESSAGE][PASSED] - Actual text and expected text of test object 'Object Repository/ValidationMessage_Objects/AlreadyRegistered/label_Oops The Email or Kapami' are matched.]]></system-out>
         <system-err><![CDATA[]]></system-err>
      </testcase>
      <testcase name="Test Cases/TC001_RegistrationEmail/Verify_Successful_Registration" classname="Test Cases/TC001_RegistrationEmail/Verify_Successful_Registration" status="PASSED">
         <system-out><![CDATA[2018-07-29 19:03:31 - [TEST_CASE][PASSED] - Test Cases/TC001_RegistrationEmail/Verify_Successful_Registration: Test Cases/TC001_RegistrationEmail/Verify_Successful_Registration

2018-07-29 19:03:31 - [TEST_STEP][PASSED] - clearText: Text of object 'Object Repository/Registration_Objects/input_username' is cleared

2018-07-29 19:03:31 - [MESSAGE][PASSED] - Text of object 'Object Repository/Registration_Objects/input_username' is cleared

2018-07-29 19:03:31 - [TEST_STEP][PASSED] - setText: Text 'dmd@Regression' is set on object 'Object Repository/Registration_Objects/input_username'

2018-07-29 19:03:31 - [MESSAGE][PASSED] - Text 'dmd@Regression' is set on object 'Object Repository/Registration_Objects/input_username'

2018-07-29 19:03:31 - [TEST_STEP][PASSED] - submit: The form containing object: 'Object Repository/ValidationMessage_Objects/input_regSubmitButton' is submitted

2018-07-29 19:03:31 - [MESSAGE][PASSED] - The form containing object: 'Object Repository/ValidationMessage_Objects/input_regSubmitButton' is submitted

2018-07-29 19:03:31 - [TEST_STEP][PASSED] - closeBrowser: Browser is closed

2018-07-29 19:03:32 - [MESSAGE][PASSED] - Browser is closed]]></system-out>
         <system-err><![CDATA[]]></system-err>
      </testcase>
      <testcase name="Test Cases/TC002_Login/Verify_UnverifiedEmailAddress" classname="Test Cases/TC002_Login/Verify_UnverifiedEmailAddress" status="PASSED">
         <system-out><![CDATA[2018-07-29 19:03:32 - [TEST_CASE][PASSED] - Test Cases/TC002_Login/Verify_UnverifiedEmailAddress: Test Cases/TC002_Login/Verify_UnverifiedEmailAddress

2018-07-29 19:03:32 - [TEST_STEP][PASSED] - openBrowser: Browser is opened with url: 'https://ott-web-prod.azurewebsites.net/login'

2018-07-29 19:03:44 - [MESSAGE][PASSED] - Browser is opened with url: 'https://ott-web-prod.azurewebsites.net/login'

2018-07-29 19:03:44 - [TEST_STEP][PASSED] - setText: Text 'dmdqavalid@gmail.com' is set on object 'Object Repository/Login_Objects/input_username'

2018-07-29 19:03:44 - [MESSAGE][PASSED] - Text 'dmdqavalid@gmail.com' is set on object 'Object Repository/Login_Objects/input_username'

2018-07-29 19:03:44 - [TEST_STEP][PASSED] - setText: Text '!qazxsw2' is set on object 'Object Repository/Login_Objects/input_Password'

2018-07-29 19:03:44 - [MESSAGE][PASSED] - Text '!qazxsw2' is set on object 'Object Repository/Login_Objects/input_Password'

2018-07-29 19:03:44 - [TEST_STEP][PASSED] - submit: The form containing object: 'Object Repository/Login_Objects/input_submit' is submitted

2018-07-29 19:03:44 - [MESSAGE][PASSED] - The form containing object: 'Object Repository/Login_Objects/input_submit' is submitted

2018-07-29 19:03:44 - [TEST_STEP][PASSED] - click: Object: 'Object Repository/Login_Objects/GoBack' is clicked on

2018-07-29 19:03:45 - [MESSAGE][PASSED] - Object: 'Object Repository/Login_Objects/GoBack' is clicked on]]></system-out>
         <system-err><![CDATA[]]></system-err>
      </testcase>
      <testcase name="Test Cases/TC002_Login/Verify_Email_isIncorrect" classname="Test Cases/TC002_Login/Verify_Email_isIncorrect" status="PASSED">
         <system-out><![CDATA[2018-07-29 19:03:45 - [TEST_CASE][PASSED] - Test Cases/TC002_Login/Verify_Email_isIncorrect: Test Cases/TC002_Login/Verify_Email_isIncorrect

2018-07-29 19:03:45 - [TEST_STEP][PASSED] - setText: Text 'dmdqa.210@gmail.com' is set on object 'Object Repository/Login_Objects/input_username'

2018-07-29 19:03:46 - [MESSAGE][PASSED] - Text 'dmdqa.210@gmail.com' is set on object 'Object Repository/Login_Objects/input_username'

2018-07-29 19:03:46 - [TEST_STEP][PASSED] - setText: Text '1234567890' is set on object 'Object Repository/Login_Objects/input_Password'

2018-07-29 19:03:46 - [MESSAGE][PASSED] - Text '1234567890' is set on object 'Object Repository/Login_Objects/input_Password'

2018-07-29 19:03:46 - [TEST_STEP][PASSED] - submit: The form containing object: 'Object Repository/Login_Objects/input_submit' is submitted

2018-07-29 19:03:46 - [MESSAGE][PASSED] - The form containing object: 'Object Repository/Login_Objects/input_submit' is submitted

2018-07-29 19:03:46 - [TEST_STEP][PASSED] - verifyElementPresent: Object 'Object Repository/Login_Objects/Others_Login/label_Your Kapamilya Name or E' is present

2018-07-29 19:03:46 - [MESSAGE][WARNING] - Timeout '0' is invalid. Using default page load timeout: '30'

2018-07-29 19:03:46 - [MESSAGE][PASSED] - Object 'Object Repository/Login_Objects/Others_Login/label_Your Kapamilya Name or E' is present

2018-07-29 19:03:46 - [TEST_STEP][PASSED] - verifyElementText: Actual text and expected text of test object 'Object Repository/Login_Objects/Others_Login/label_Your Kapamilya Name or E' are matched.

2018-07-29 19:03:46 - [MESSAGE][PASSED] - Actual text and expected text of test object 'Object Repository/Login_Objects/Others_Login/label_Your Kapamilya Name or E' are matched.]]></system-out>
         <system-err><![CDATA[]]></system-err>
      </testcase>
      <testcase name="Test Cases/TC002_Login/Verify_ForgotKapamilyaName" classname="Test Cases/TC002_Login/Verify_ForgotKapamilyaName" status="PASSED">
         <system-out><![CDATA[2018-07-29 19:03:46 - [TEST_CASE][PASSED] - Test Cases/TC002_Login/Verify_ForgotKapamilyaName: Test Cases/TC002_Login/Verify_ForgotKapamilyaName

2018-07-29 19:03:46 - [TEST_STEP][PASSED] - clearText: Text of object 'Object Repository/Login_Objects/input_username' is cleared

2018-07-29 19:03:47 - [MESSAGE][PASSED] - Text of object 'Object Repository/Login_Objects/input_username' is cleared

2018-07-29 19:03:47 - [TEST_STEP][PASSED] - clearText: Text of object 'Object Repository/Login_Objects/input_Password' is cleared

2018-07-29 19:03:47 - [MESSAGE][PASSED] - Text of object 'Object Repository/Login_Objects/input_Password' is cleared

2018-07-29 19:03:47 - [TEST_STEP][PASSED] - click: Object: 'Object Repository/Login_Objects/a_Forgot Kapamilya Name' is clicked on

2018-07-29 19:03:47 - [MESSAGE][PASSED] - Object: 'Object Repository/Login_Objects/a_Forgot Kapamilya Name' is clicked on

2018-07-29 19:03:47 - [TEST_STEP][PASSED] - waitForPageLoad: Wait for page load successfully

2018-07-29 19:03:47 - [MESSAGE][WARNING] - Timeout '0' is invalid. Using default page load timeout: '30'

2018-07-29 19:03:47 - [MESSAGE][PASSED] - Wait for page load successfully

2018-07-29 19:03:47 - [TEST_STEP][PASSED] - navigateToUrl: Navigate to 'https://ott-web-prod.azurewebsites.net/forgot-kapamilya-name' successfully

2018-07-29 19:03:51 - [MESSAGE][PASSED] - Navigate to 'https://ott-web-prod.azurewebsites.net/forgot-kapamilya-name' successfully

2018-07-29 19:03:51 - [TEST_STEP][PASSED] - setText: Text '012345678978' is set on object 'Object Repository/Login_Objects/input_EMail'

2018-07-29 19:03:51 - [MESSAGE][PASSED] - Text '012345678978' is set on object 'Object Repository/Login_Objects/input_EMail'

2018-07-29 19:03:51 - [TEST_STEP][PASSED] - submit: The form containing object: 'Object Repository/Login_Objects/input_ott-page__submit-button' is submitted

2018-07-29 19:03:51 - [MESSAGE][PASSED] - The form containing object: 'Object Repository/Login_Objects/input_ott-page__submit-button' is submitted

2018-07-29 19:03:51 - [TEST_STEP][PASSED] - verifyElementPresent: Object 'Object Repository/Login_Objects/ValidationMessage/label_Account does not exist.' is present

2018-07-29 19:03:51 - [MESSAGE][WARNING] - Timeout '0' is invalid. Using default page load timeout: '30'

2018-07-29 19:03:52 - [MESSAGE][PASSED] - Object 'Object Repository/Login_Objects/ValidationMessage/label_Account does not exist.' is present

2018-07-29 19:03:52 - [TEST_STEP][PASSED] - verifyElementText: Actual text and expected text of test object 'Object Repository/Login_Objects/ValidationMessage/label_Account does not exist.' are matched.

2018-07-29 19:03:52 - [MESSAGE][PASSED] - Actual text and expected text of test object 'Object Repository/Login_Objects/ValidationMessage/label_Account does not exist.' are matched.

2018-07-29 19:03:52 - [TEST_STEP][PASSED] - clearText: Text of object 'Object Repository/Login_Objects/input_EMail' is cleared

2018-07-29 19:03:52 - [MESSAGE][PASSED] - Text of object 'Object Repository/Login_Objects/input_EMail' is cleared

2018-07-29 19:03:52 - [TEST_STEP][PASSED] - setText: Text 'dm' is set on object 'Object Repository/Login_Objects/input_EMail'

2018-07-29 19:03:52 - [MESSAGE][PASSED] - Text 'dm' is set on object 'Object Repository/Login_Objects/input_EMail'

2018-07-29 19:03:52 - [TEST_STEP][PASSED] - submit: The form containing object: 'Object Repository/Login_Objects/input_ott-page__submit-button' is submitted

2018-07-29 19:03:52 - [MESSAGE][PASSED] - The form containing object: 'Object Repository/Login_Objects/input_ott-page__submit-button' is submitted

2018-07-29 19:03:52 - [TEST_STEP][PASSED] - verifyElementPresent: Object 'Object Repository/Login_Objects/ValidationMessage/label_Sorry the number you ent' is present

2018-07-29 19:03:52 - [MESSAGE][WARNING] - Timeout '0' is invalid. Using default page load timeout: '30'

2018-07-29 19:03:52 - [MESSAGE][PASSED] - Object 'Object Repository/Login_Objects/ValidationMessage/label_Sorry the number you ent' is present

2018-07-29 19:03:52 - [TEST_STEP][PASSED] - verifyElementText: Actual text and expected text of test object 'Object Repository/Login_Objects/ValidationMessage/label_Sorry the number you ent' are matched.

2018-07-29 19:03:52 - [MESSAGE][PASSED] - Actual text and expected text of test object 'Object Repository/Login_Objects/ValidationMessage/label_Sorry the number you ent' are matched.

2018-07-29 19:03:52 - [TEST_STEP][PASSED] - click: Object: 'Object Repository/Login_Objects/Go Back/a_GO BACK' is clicked on

2018-07-29 19:03:53 - [MESSAGE][PASSED] - Object: 'Object Repository/Login_Objects/Go Back/a_GO BACK' is clicked on]]></system-out>
         <system-err><![CDATA[]]></system-err>
      </testcase>
      <testcase name="Test Cases/TC002_Login/Verify_ForgotPassword" classname="Test Cases/TC002_Login/Verify_ForgotPassword" status="PASSED">
         <system-out><![CDATA[2018-07-29 19:03:53 - [TEST_CASE][PASSED] - Test Cases/TC002_Login/Verify_ForgotPassword: Test Cases/TC002_Login/Verify_ForgotPassword

2018-07-29 19:03:53 - [TEST_STEP][PASSED] - click: Object: 'Object Repository/Login_Objects/a_Forgot Password' is clicked on

2018-07-29 19:03:53 - [MESSAGE][PASSED] - Object: 'Object Repository/Login_Objects/a_Forgot Password' is clicked on

2018-07-29 19:03:53 - [TEST_STEP][PASSED] - setText: Text '012345678912' is set on object 'Object Repository/Login_Objects/input_EMail'

2018-07-29 19:03:53 - [MESSAGE][PASSED] - Text '012345678912' is set on object 'Object Repository/Login_Objects/input_EMail'

2018-07-29 19:03:53 - [TEST_STEP][PASSED] - submit: The form containing object: 'Object Repository/Login_Objects/input_ott-page__submit-button' is submitted

2018-07-29 19:03:53 - [MESSAGE][PASSED] - The form containing object: 'Object Repository/Login_Objects/input_ott-page__submit-button' is submitted

2018-07-29 19:03:53 - [TEST_STEP][PASSED] - verifyElementPresent: Object 'Object Repository/Login_Objects/ValidationMessage/label_Account does not exist.' is present

2018-07-29 19:03:53 - [MESSAGE][WARNING] - Timeout '0' is invalid. Using default page load timeout: '30'

2018-07-29 19:03:54 - [MESSAGE][PASSED] - Object 'Object Repository/Login_Objects/ValidationMessage/label_Account does not exist.' is present

2018-07-29 19:03:54 - [TEST_STEP][PASSED] - verifyElementText: Actual text and expected text of test object 'Object Repository/Login_Objects/ValidationMessage/label_Account does not exist.' are matched.

2018-07-29 19:03:54 - [MESSAGE][PASSED] - Actual text and expected text of test object 'Object Repository/Login_Objects/ValidationMessage/label_Account does not exist.' are matched.

2018-07-29 19:03:54 - [TEST_STEP][PASSED] - clearText: Text of object 'Object Repository/Login_Objects/input_EMail' is cleared

2018-07-29 19:03:54 - [MESSAGE][PASSED] - Text of object 'Object Repository/Login_Objects/input_EMail' is cleared

2018-07-29 19:03:54 - [TEST_STEP][PASSED] - setText: Text 'dmd' is set on object 'Object Repository/Login_Objects/input_EMail'

2018-07-29 19:03:54 - [MESSAGE][PASSED] - Text 'dmd' is set on object 'Object Repository/Login_Objects/input_EMail'

2018-07-29 19:03:54 - [TEST_STEP][PASSED] - verifyElementPresent: Object 'Object Repository/Login_Objects/ValidationMessage/label_Sorry the number you ent' is present

2018-07-29 19:03:54 - [MESSAGE][WARNING] - Timeout '0' is invalid. Using default page load timeout: '30'

2018-07-29 19:03:54 - [MESSAGE][PASSED] - Object 'Object Repository/Login_Objects/ValidationMessage/label_Sorry the number you ent' is present

2018-07-29 19:03:54 - [TEST_STEP][PASSED] - verifyElementText: Actual text and expected text of test object 'Object Repository/Login_Objects/ValidationMessage/label_Sorry the number you ent' are matched.

2018-07-29 19:03:54 - [MESSAGE][PASSED] - Actual text and expected text of test object 'Object Repository/Login_Objects/ValidationMessage/label_Sorry the number you ent' are matched.]]></system-out>
         <system-err><![CDATA[]]></system-err>
      </testcase>
      <system-out><![CDATA[2018-07-29 19:03:10 - [TEST_SUITE][PASSED] - Regression_Registration: Test Cases/TC002_Login/Verify_ForgotPassword]]></system-out>
      <system-err><![CDATA[]]></system-err>
   </testsuite>
</testsuites>
